  [1m[36m (0.0ms)[0m  [1mselect sqlite_version(*)[0m
  [1m[35m (242.0ms)[0m  CREATE TABLE "schema_migrations" ("version" varchar(255) NOT NULL) 
  [1m[36m (1.0ms)[0m  [1mPRAGMA index_list("schema_migrations")[0m
  [1m[35m (86.0ms)[0m  CREATE UNIQUE INDEX "unique_schema_migrations" ON "schema_migrations" ("version")
  [1m[36m (0.0ms)[0m  [1mSELECT "schema_migrations"."version" FROM "schema_migrations" [0m
Migrating to CreateProjects (20111114194822)
  [1m[36m (0.0ms)[0m  [1mSELECT "schema_migrations"."version" FROM "schema_migrations" [0m
Migrating to CreateProjects (20111114194822)
  [1m[35m (0.0ms)[0m  select sqlite_version(*)
  [1m[36m (3.0ms)[0m  [1mCREATE TABLE "projects" ("id" INTEGER PRIMARY KEY AUTOINCREMENT NOT NULL, "name" varchar(255), "description" text, "team_size" integer, "creator_id" integer, "start_date" date, "end_date" date, "hours_per_week" integer, "photo" varchar(255), "active" boolean DEFAULT 't', "created_at" datetime, "updated_at" datetime) [0m
  [1m[35m (0.0ms)[0m  INSERT INTO "schema_migrations" ("version") VALUES ('20111114194822')
Migrating to CreateAttachments (20111114195143)
  [1m[36m (2.0ms)[0m  [1mCREATE TABLE "attachments" ("id" INTEGER PRIMARY KEY AUTOINCREMENT NOT NULL, "name" varchar(255), "filename" varchar(255), "project_id" integer, "created_at" datetime, "updated_at" datetime) [0m
  [1m[35m (0.0ms)[0m  INSERT INTO "schema_migrations" ("version") VALUES ('20111114195143')
Migrating to CreateUserProjects (20111114195303)
  [1m[36m (2.0ms)[0m  [1mCREATE TABLE "user_projects" ("id" INTEGER PRIMARY KEY AUTOINCREMENT NOT NULL, "user_id" integer, "project_id" integer, "created_at" datetime, "updated_at" datetime) [0m
  [1m[35m (2.0ms)[0m  INSERT INTO "schema_migrations" ("version") VALUES ('20111114195303')
Migrating to CreateUserSkills (20111114195408)
  [1m[36m (2.0ms)[0m  [1mCREATE TABLE "user_skills" ("id" INTEGER PRIMARY KEY AUTOINCREMENT NOT NULL, "user_id" integer, "skill_id" integer, "created_at" datetime, "updated_at" datetime) [0m
  [1m[35m (0.0ms)[0m  INSERT INTO "schema_migrations" ("version") VALUES ('20111114195408')
Migrating to CreateProjectSkills (20111114195940)
  [1m[36m (1.0ms)[0m  [1mCREATE TABLE "project_skills" ("id" INTEGER PRIMARY KEY AUTOINCREMENT NOT NULL, "project_id" integer, "skill_id" integer, "created_at" datetime, "updated_at" datetime) [0m
  [1m[35m (1.0ms)[0m  INSERT INTO "schema_migrations" ("version") VALUES ('20111114195940')
Migrating to CreateSkills (20111114200042)
  [1m[36m (2.0ms)[0m  [1mCREATE TABLE "skills" ("id" INTEGER PRIMARY KEY AUTOINCREMENT NOT NULL, "name" varchar(255), "level" integer, "description" text, "created_at" datetime, "updated_at" datetime) [0m
  [1m[35m (0.0ms)[0m  INSERT INTO "schema_migrations" ("version") VALUES ('20111114200042')
Migrating to CreateUsers (20111114200146)
  [1m[36m (2.0ms)[0m  [1mCREATE TABLE "users" ("id" INTEGER PRIMARY KEY AUTOINCREMENT NOT NULL, "username" varchar(255), "email" varchar(255), "first_name" varchar(255), "last_name" varchar(255), "password_hash" varchar(255), "password_salt" varchar(255), "created_at" datetime, "updated_at" datetime) [0m
  [1m[35m (0.0ms)[0m  INSERT INTO "schema_migrations" ("version") VALUES ('20111114200146')
  [1m[36m (0.0ms)[0m  [1mselect sqlite_version(*)[0m
  [1m[35m (0.0ms)[0m  SELECT "schema_migrations"."version" FROM "schema_migrations" 
  [1m[36m (0.0ms)[0m  [1mPRAGMA index_list("attachments")[0m
  [1m[35m (0.0ms)[0m  PRAGMA index_list("project_skills")
  [1m[36m (0.0ms)[0m  [1mPRAGMA index_list("projects")[0m
  [1m[35m (0.0ms)[0m  PRAGMA index_list("skills")
  [1m[36m (0.0ms)[0m  [1mPRAGMA index_list("user_projects")[0m
  [1m[35m (0.0ms)[0m  PRAGMA index_list("user_skills")
  [1m[36m (0.0ms)[0m  [1mPRAGMA index_list("users")[0m
